<?xml version="1.0" encoding="UTF-8"?>
<testsuite name="MirrorTest" tests="1" skipped="0" failures="0" errors="0" timestamp="2026-03-15T16:31:38.181Z" hostname="MOHAIBRA" time="0.1">
  <properties/>
  <testcase name="start" classname="MirrorTest" time="0.1"/>
  <system-out><![CDATA[?[1;31m
Start test 1?[0m
                    _______ 
                   < hello >
                    ------- 
            ^__^   /        
    _______/(oo)  /         
/\/(       /(__)            
   | w----||                
   ||     ||                

]]></system-out>
  <system-err><![CDATA[]]></system-err>
</testsuite>
